<?xml version="1.0" encoding="UTF-8"?>
<testng-results ignored="0" total="1" passed="1" failed="0" skipped="0">
  <reporter-output>
  </reporter-output>
  <suite started-at="2021-12-16T12:55:02 IST" name="Default suite" finished-at="2021-12-16T12:55:17 IST" duration-ms="14486">
    <groups>
    </groups>
    <test started-at="2021-12-16T12:55:02 IST" name="Default test" finished-at="2021-12-16T12:55:17 IST" duration-ms="14486">
      <class name="io.TestLayer.LoginPageTest">
        <test-method is-config="true" signature="setUp()[pri:0, instance:io.TestLayer.LoginPageTest@5cee5251]" started-at="2021-12-16T12:55:02 IST" name="setUp" finished-at="2021-12-16T12:55:11 IST" duration-ms="8149" status="PASS">
          <reporter-output>
          </reporter-output>
        </test-method> <!-- setUp -->
        <test-method signature="validateLoginFunctionality()[pri:0, instance:io.TestLayer.LoginPageTest@5cee5251]" started-at="2021-12-16T12:55:11 IST" name="validateLoginFunctionality" finished-at="2021-12-16T12:55:17 IST" duration-ms="6092" status="PASS">
          <reporter-output>
          </reporter-output>
        </test-method> <!-- validateLoginFunctionality -->
        <test-method is-config="true" signature="tearDown()[pri:0, instance:io.TestLayer.LoginPageTest@5cee5251]" started-at="2021-12-16T12:55:17 IST" name="tearDown" finished-at="2021-12-16T12:55:17 IST" duration-ms="177" status="PASS">
          <reporter-output>
          </reporter-output>
        </test-method> <!-- tearDown -->
      </class> <!-- io.TestLayer.LoginPageTest -->
    </test> <!-- Default test -->
  </suite> <!-- Default suite -->
</testng-results>
